  正在验证源
  正在将源远程复制到“192.168.164.128”
  正在验证体系结构
  正在验证体系结构
  正在启动远程生成
  正在编译源:
  BaseShm.cpp
  Codec.cpp
  CodecFactory.cpp
  Hash.cpp
  main.cpp
  Message.pb.cc
  OCCIOP.cpp
  RequestCodec.cpp
  RequestFactory.cpp
  RespondCodec.cpp
  RespondFactory.cpp
  RsaCrypto.cpp
D:\大三上\其他\第5阶段-跨平台企业项目实战\day12 - 外联接口-项目总结\04-代码\ServerSeckey\ServerSeckey\RsaCrypto.cpp(39,62): warning : conversion from ‘std::basic_string<char>::size_type’ {aka ‘long unsigned int’} to ‘int’ may change value [-Wconversion]
D:\大三上\其他\第5阶段-跨平台企业项目实战\day12 - 外联接口-项目总结\04-代码\ServerSeckey\ServerSeckey\RsaCrypto.cpp(39,62): warning :    39 |         BIO* bio = BIO_new_mem_buf(keystr.data(), keystr.size());
D:\大三上\其他\第5阶段-跨平台企业项目实战\day12 - 外联接口-项目总结\04-代码\ServerSeckey\ServerSeckey\RsaCrypto.cpp(39,62): warning :       |                                                   ~~~~~~~~~~~^~
D:\大三上\其他\第5阶段-跨平台企业项目实战\day12 - 外联接口-项目总结\04-代码\ServerSeckey\ServerSeckey\RsaCrypto.cpp(125,47): warning : conversion from ‘std::basic_string<char>::size_type’ {aka ‘long unsigned int’} to ‘int’ may change value [-Wconversion]
D:\大三上\其他\第5阶段-跨平台企业项目实战\day12 - 外联接口-项目总结\04-代码\ServerSeckey\ServerSeckey\RsaCrypto.cpp(125,47): warning :   125 |         int ret = RSA_public_encrypt(data.size(), (const unsigned char*)data.data(),
D:\大三上\其他\第5阶段-跨平台企业项目实战\day12 - 外联接口-项目总结\04-代码\ServerSeckey\ServerSeckey\RsaCrypto.cpp(125,47): warning :       |                                      ~~~~~~~~~^~
D:\大三上\其他\第5阶段-跨平台企业项目实战\day12 - 外联接口-项目总结\04-代码\ServerSeckey\ServerSeckey\RsaCrypto.cpp(175,79): warning : conversion from ‘std::basic_string<char>::size_type’ {aka ‘long unsigned int’} to ‘unsigned int’ may change value [-Wconversion]
D:\大三上\其他\第5阶段-跨平台企业项目实战\day12 - 外联接口-项目总结\04-代码\ServerSeckey\ServerSeckey\RsaCrypto.cpp(175,79): warning :   175 |         int ret = RSA_sign(level, (const unsigned char*)data.data(), data.size(), (unsigned char*)signBuf,
D:\大三上\其他\第5阶段-跨平台企业项目实战\day12 - 外联接口-项目总结\04-代码\ServerSeckey\ServerSeckey\RsaCrypto.cpp(175,79): warning :       |                                                                      ~~~~~~~~~^~
D:\大三上\其他\第5阶段-跨平台企业项目实战\day12 - 外联接口-项目总结\04-代码\ServerSeckey\ServerSeckey\RsaCrypto.cpp(192,81): warning : conversion from ‘std::basic_string<char>::size_type’ {aka ‘long unsigned int’} to ‘unsigned int’ may change value [-Wconversion]
D:\大三上\其他\第5阶段-跨平台企业项目实战\day12 - 外联接口-项目总结\04-代码\ServerSeckey\ServerSeckey\RsaCrypto.cpp(192,81): warning :   192 |         int ret = RSA_verify(level, (const unsigned char*)data.data(), data.size(),
D:\大三上\其他\第5阶段-跨平台企业项目实战\day12 - 外联接口-项目总结\04-代码\ServerSeckey\ServerSeckey\RsaCrypto.cpp(192,81): warning :       |                                                                        ~~~~~~~~~^~
D:\大三上\其他\第5阶段-跨平台企业项目实战\day12 - 外联接口-项目总结\04-代码\ServerSeckey\ServerSeckey\RsaCrypto.cpp(224,30): warning : conversion from ‘std::basic_string<char>::size_type’ {aka ‘long unsigned int’} to ‘int’ may change value [-Wconversion]
D:\大三上\其他\第5阶段-跨平台企业项目实战\day12 - 外联接口-项目总结\04-代码\ServerSeckey\ServerSeckey\RsaCrypto.cpp(224,30): warning :   224 |         int length = str.size();
D:\大三上\其他\第5阶段-跨平台企业项目实战\day12 - 外联接口-项目总结\04-代码\ServerSeckey\ServerSeckey\RsaCrypto.cpp(224,30): warning :       |                      ~~~~~~~~^~
  SecKeyShm.cpp
D:\大三上\其他\第5阶段-跨平台企业项目实战\day12 - 外联接口-项目总结\04-代码\ServerSeckey\ServerSeckey\SecKeyShm.cpp(86,13): warning : unused variable ‘ret’ [-Wunused-variable]
D:\大三上\其他\第5阶段-跨平台企业项目实战\day12 - 外联接口-项目总结\04-代码\ServerSeckey\ServerSeckey\SecKeyShm.cpp(86,13): warning :    86 |         int ret = 0;
D:\大三上\其他\第5阶段-跨平台企业项目实战\day12 - 外联接口-项目总结\04-代码\ServerSeckey\ServerSeckey\SecKeyShm.cpp(86,13): warning :       |             ^~~
  ServerOP.cpp
D:\大三上\其他\第5阶段-跨平台企业项目实战\day12 - 外联接口-项目总结\04-代码\ServerSeckey\ServerSeckey\ServerOP.cpp(30,36): warning : conversion from ‘Json::Value::Int’ {aka ‘int’} to ‘short unsigned int’ may change value [-Wconversion]
D:\大三上\其他\第5阶段-跨平台企业项目实战\day12 - 外联接口-项目总结\04-代码\ServerSeckey\ServerSeckey\ServerOP.cpp(30,36): warning :    30 |         m_port = root["Port"].asInt();
D:\大三上\其他\第5阶段-跨平台企业项目实战\day12 - 外联接口-项目总结\04-代码\ServerSeckey\ServerSeckey\ServerOP.cpp(30,36): warning :       |                  ~~~~~~~~~~~~~~~~~~^~
D:\大三上\其他\第5阶段-跨平台企业项目实战\day12 - 外联接口-项目总结\04-代码\ServerSeckey\ServerSeckey\ServerOP.cpp(162,19): warning : conversion from ‘time_t’ {aka ‘long int’} to ‘unsigned int’ may change value [-Wconversion]
D:\大三上\其他\第5阶段-跨平台企业项目实战\day12 - 外联接口-项目总结\04-代码\ServerSeckey\ServerSeckey\ServerOP.cpp(162,19): warning :   162 |         srand(time(NULL));
D:\大三上\其他\第5阶段-跨平台企业项目实战\day12 - 外联接口-项目总结\04-代码\ServerSeckey\ServerSeckey\ServerOP.cpp(162,19): warning :       |               ~~~~^~~~~~
D:\大三上\其他\第5阶段-跨平台企业项目实战\day12 - 外联接口-项目总结\04-代码\ServerSeckey\ServerSeckey\ServerOP.cpp(165,20): warning : ISO C++ forbids converting a string constant to ‘char*’ [-Wwrite-strings]
D:\大三上\其他\第5阶段-跨平台企业项目实战\day12 - 外联接口-项目总结\04-代码\ServerSeckey\ServerSeckey\ServerOP.cpp(165,20): warning :   165 |         char *cs = "~!@#$%^&*()_+}{|\';[]";
D:\大三上\其他\第5阶段-跨平台企业项目实战\day12 - 外联接口-项目总结\04-代码\ServerSeckey\ServerSeckey\ServerOP.cpp(165,20): warning :       |                    ^~~~~~~~~~~~~~~~~~~~~~~
  TcpServer.cpp
  TcpSocket.cpp
D:\大三上\其他\第5阶段-跨平台企业项目实战\day12 - 外联接口-项目总结\04-代码\ServerSeckey\ServerSeckey\TcpSocket.cpp(75,47): warning : conversion from ‘std::basic_string<char>::size_type’ {aka ‘long unsigned int’} to ‘int’ may change value [-Wconversion]
D:\大三上\其他\第5阶段-跨平台企业项目实战\day12 - 外联接口-项目总结\04-代码\ServerSeckey\ServerSeckey\TcpSocket.cpp(75,47): warning :    75 |                 int dataLen = sendData.size() + 4;
D:\大三上\其他\第5阶段-跨平台企业项目实战\day12 - 外联接口-项目总结\04-代码\ServerSeckey\ServerSeckey\TcpSocket.cpp(75,47): warning :       |                               ~~~~~~~~~~~~~~~~^~~
D:\大三上\其他\第5阶段-跨平台企业项目实战\day12 - 外联接口-项目总结\04-代码\ServerSeckey\ServerSeckey\TcpSocket.cpp(85,49): warning : conversion from ‘std::basic_string<char>::size_type’ {aka ‘long unsigned int’} to ‘uint32_t’ {aka ‘unsigned int’} may change value [-Wconversion]
D:\大三上\其他\第5阶段-跨平台企业项目实战\day12 - 外联接口-项目总结\04-代码\ServerSeckey\ServerSeckey\TcpSocket.cpp(85,49): warning :    85 |                 int netlen = htonl(sendData.size());
D:\大三上\其他\第5阶段-跨平台企业项目实战\day12 - 外联接口-项目总结\04-代码\ServerSeckey\ServerSeckey\TcpSocket.cpp(85,49): warning :       |                                    ~~~~~~~~~~~~~^~
D:\大三上\其他\第5阶段-跨平台企业项目实战\day12 - 外联接口-项目总结\04-代码\ServerSeckey\ServerSeckey\TcpSocket.cpp(407,38): warning : conversion from ‘size_t’ {aka ‘long unsigned int’} to ‘int’ may change value [-Wconversion]
D:\大三上\其他\第5阶段-跨平台企业项目实战\day12 - 外联接口-项目总结\04-代码\ServerSeckey\ServerSeckey\TcpSocket.cpp(407,38): warning :   407 |                         return count - nleft;
D:\大三上\其他\第5阶段-跨平台企业项目实战\day12 - 外联接口-项目总结\04-代码\ServerSeckey\ServerSeckey\TcpSocket.cpp(407,38): warning :       |                                ~~~~~~^~~~~~~
  正在链接对象
/usr/bin/ld : error : 找不到 -lons: 没有那个文件或目录
collect2 : error : ld returned 1 exit status
